4115
199 238 199 249
199 226 199 237
199 214 199 225
199 202 199 213
199 190 199 201
198 184 199 189
199 172 199 183
199 160 199 171
199 148 199 159
199 136 199 147
199 124 199 135
198 118 199 123
199 106 199 117
198 100 199 105
199 88 199 99
198 82 199 87
199 70 199 81
199 58 199 69
199 46 199 57
199 34 199 45
199 22 199 33
199 10 199 21
198 4 199 9
197 0 199 3
198 238 198 249
198 226 198 237
196 222 198 225
198 210 198 221
198 198 198 209
197 192 198 197
193 190 198 191
198 172 198 183
198 160 198 171
198 148 198 159
198 136 198 147
198 124 198 135
196 114 198 117
197 108 198 113
193 106 198 107
198 88 198 99
198 70 198 81
198 58 198 69
197 52 198 57
198 40 198 51
198 28 198 39
193 26 198 27
196 22 198 25
195 19 198 21
197 13 198 18
195 10 198 12
197 238 197 249
197 226 197 237
197 210 197 221
197 198 197 209
197 178 197 189
197 166 197 177
197 154 197 165
197 142 197 153
197 130 197 141
197 118 197 129
197 94 197 105
195 90 197 93
194 87 197 89
196 81 197 86
197 69 197 80
196 63 197 68
195 59 197 62
186 58 197 58
197 40 197 51
195 36 197 39
195 32 197 35
195 28 197 31
196 4 197 9
196 238 196 249
196 226 196 237
196 210 196 221
196 198 196 209
195 192 196 197
196 178 196 189
196 166 196 177
185 165 196 165
191 163 196 164
191 161 196 162
196 149 196 160
195 143 196 148
195 137 196 142
196 125 196 136
195 119 196 124
185 118 196 118
195 108 196 113
196 94 196 105
196 69 196 80
196 46 196 57
193 43 196 45
185 42 196 42
185 40 196 40
193 16 196 18
193 13 196 15
185 3 196 3
193 0 196 2
195 238 195 249
195 226 195 237
195 214 195 225
194 208 195 213
194 202 195 207
193 198 195 201
195 178 195 189
195 166 195 177
195 149 195 160
195 125 195 136
193 114 195 117
194 100 195 105
194 94 195 99
195 75 195 86
195 63 195 74
195 46 195 57
193 22 195 25
194 4 195 9
194 238 194 249
194 226 194 237
193 220 194 225
193 214 194 219
193 192 194 197
194 178 194 189
194 166 194 177
194 149 194 160
194 137 194 148
194 125 194 136
193 119 194 124
193 108 194 113
192 90 194 93
194 75 194 86
194 63 194 74
192 59 194 62
194 46 194 57
193 34 194 39
193 28 194 33
191 19 194 21
191 10 194 12
193 238 193 249
193 226 193 237
192 208 193 213
191 204 193 207
188 202 193 203
193 178 193 189
193 166 193 177
193 149 193 160
193 137 193 148
193 125 193 136
193 94 193 105
193 78 193 89
193 66 193 77
190 63 193 65
193 46 193 57
182 41 193 41
191 6 193 9
188 4 193 5
192 238 192 249
192 226 192 237
192 214 192 225
191 196 192 201
192 184 192 195
192 172 192 183
191 166 192 171
192 149 192 160
192 137 192 148
192 125 192 136
191 119 192 124
191 112 192 117
192 100 192 111
190 96 192 99
181 94 192 94
192 78 192 89
192 66 192 77
192 46 192 57
187 44 192 45
181 43 192 43
192 28 192 39
191 22 192 27
190 15 192 18
187 13 192 14
189 0 192 2
190 244 191 249
191 232 191 243
191 220 191 231
191 208 191 219
190 190 191 195
190 184 191 189
191 172 191 183
189 157 191 160
190 151 191 156
191 139 191 150
191 127 191 138
186 125 191 126
191 100 191 111
191 82 191 93
190 76 191 81
188 73 191 75
190 67 191 72
180 66 191 66
189 59 191 62
191 46 191 57
191 28 191 39
190 232 190 243
190 220 190 231
190 208 190 219
188 204 190 207
189 196 190 201
190 172 190 183
189 166 190 171
185 163 190 164
185 161 190 162
190 139 190 150
190 127 190 138
189 119 190 124
189 112 190 117
179 111 190 111
189 105 190 110
188 101 190 104
190 82 190 93
190 46 190 57
187 37 190 39
189 31 190 36
189 25 190 30
189 19 190 24
189 7 190 12
179 6 190 6
189 238 189 249
189 226 189 237
189 214 189 225
187 210 189 213
184 208 189 209
189 184 189 195
189 172 189 183
189 145 189 156
188 139 189 144
188 133 189 138
188 127 189 132
184 99 189 100
186 96 189 98
189 82 189 93
188 76 189 81
188 67 189 72
186 63 189 65
189 46 189 57
187 15 189 18
188 238 188 249
188 226 188 237
188 214 188 225
188 190 188 201
188 178 188 189
188 166 188 177
188 149 188 160
186 145 188 148
187 119 188 124
187 112 188 117
187 105 188 110
188 82 188 93
177 62 188 62
177 61 188 61
188 46 188 57
188 25 188 36
187 19 188 24
187 7 188 12
183 0 188 1
187 238 187 249
187 226 187 237
187 214 187 225
187 196 187 207
186 190 187 195
187 178 187 189
187 166 187 177
187 149 187 160
187 133 187 144
186 127 187 132
185 101 187 104
176 95 187 95
187 82 187 93
187 70 187 81
184 67 187 69
176 60 187 60
176 59 187 59
187 46 187 57
187 25 187 36
182 4 187 5
176 2 187 2
186 238 186 249
186 226 186 237
186 214 186 225
184 210 186 213
186 196 186 207
186 178 186 189
186 166 186 177
186 149 186 160
186 133 186 144
185 119 186 124
185 112 186 117
185 105 186 110
186 82 186 93
186 70 186 81
186 46 186 57
175 44 186 44
186 28 186 39
186 16 186 27
185 10 186 15
183 7 186 9
185 238 185 249
185 226 185 237
185 214 185 225
185 196 185 207
185 184 185 195
184 178 185 183
185 166 185 177
185 149 185 160
185 137 185 148
185 125 185 136
182 96 185 98
185 82 185 93
185 70 185 81
182 63 185 65
185 47 185 58
174 46 185 46
185 28 185 39
182 25 185 27
183 21 185 24
180 19 185 20
182 16 185 18
184 238 184 249
184 226 184 237
184 214 184 225
184 196 184 207
184 184 184 195
184 166 184 177
184 154 184 165
184 142 184 153
184 130 184 141
184 118 184 129
183 112 184 117
183 105 184 110
182 101 184 104
184 82 184 93
182 78 184 81
183 72 184 77
179 70 184 71
184 47 184 58
173 45 184 45
173 42 184 42
184 29 184 40
183 10 184 15
173 3 184 3
183 238 183 249
183 226 183 237
183 214 183 225
183 202 183 213
183 190 183 201
183 178 183 189
183 166 183 177
183 154 183 165
183 142 183 153
182 136 183 141
183 124 183 135
182 118 183 123
178 99 183 100
183 82 183 93
180 67 183 69
183 47 183 58
183 29 183 40
182 238 182 249
181 232 182 237
182 220 182 231
182 208 182 219
182 196 182 207
182 184 182 195
182 172 182 183
182 160 182 171
182 148 182 159
181 142 182 147
181 130 182 135
181 124 182 129
181 112 182 117
181 105 182 110
182 82 182 93
181 72 182 77
181 53 182 58
177 51 182 52
180 47 182 50
182 29 182 40
177 23 182 24
171 21 182 21
181 10 182 15
177 8 182 9
171 7 182 7
177 0 182 1
181 238 181 249
181 220 181 231
181 208 181 219
181 196 181 207
181 184 181 195
180 178 181 183
180 172 181 177
181 160 181 171
179 156 181 159
176 154 181 155
179 150 181 153
176 148 181 149
180 136 181 141
180 118 181 123
179 101 181 104
178 96 181 98
181 82 181 93
179 78 181 81
178 63 181 65
181 30 181 41
179 26 181 29
170 25 181 25
170 22 181 22
178 16 181 18
176 4 181 5
180 238 180 249
180 226 180 237
180 214 180 225
180 202 180 213
180 190 180 201
179 184 180 189
180 160 180 171
179 142 180 147
180 124 180 135
179 112 180 117
179 105 180 110
180 83 180 94
169 82 180 82
179 72 180 77
178 55 180 58
169 54 180 54
169 53 180 53
169 43 180 43
180 30 180 41
179 10 180 15
179 238 179 249
179 226 179 237
179 214 179 225
179 202 179 213
179 190 179 201
179 172 179 183
179 160 179 171
179 130 179 141
179 118 179 129
179 83 179 94
177 66 179 69
177 47 179 50
179 30 179 41
174 19 179 20
178 238 178 249
178 226 178 237
178 214 178 225
178 202 178 213
178 190 178 201
178 178 178 189
178 166 178 177
177 160 178 165
176 156 178 159
167 153 178 153
175 150 178 152
177 142 178 147
178 130 178 141
178 118 178 129
178 106 178 117
176 102 178 105
167 101 178 101
178 83 178 94
178 70 178 81
178 30 178 41
176 26 178 29
177 10 178 15
167 6 178 6
177 238 177 249
177 226 177 237
177 214 177 225
177 202 177 213
177 190 177 201
175 186 177 189
177 174 177 185
175 170 177 173
175 166 177 169
177 130 177 141
177 118 177 129
177 106 177 117
175 97 177 100
166 96 177 96
177 83 177 94
177 70 177 81
174 63 177 65
175 55 177 58
176 36 177 41
176 30 177 35
174 16 177 18
176 238 176 249
176 226 176 237
176 214 176 225
176 202 176 213
176 190 176 201
176 174 176 185
175 160 176 165
176 136 176 147
176 124 176 135
176 112 176 123
175 106 176 111
176 83 176 94
176 70 176 81
174 66 176 69
171 61 176 62
174 49 176 52
171 47 176 48
171 23 176 24
175 10 176 15
171 8 176 9
171 0 176 1
175 238 175 249
175 226 175 237
175 214 175 225
175 202 175 213
175 190 175 201
174 180 175 185
164 179 175 179
172 176 175 178
170 174 175 175
174 154 175 159
175 138 175 149
175 126 175 137
175 114 175 125
170 112 175 113
173 102 175 105
173 92 175 95
174 86 175 91
172 83 175 85
175 70 175 81
170 59 175 60
175 30 175 41
173 26 175 29
164 4 175 4
174 238 174 249
174 226 174 237
174 214 174 225
174 202 174 213
174 190 174 201
172 186 174 189
174 162 174 173
163 161 174 161
163 160 174 160
174 141 174 152
174 129 174 140
174 117 174 128
171 114 174 116
173 106 174 111
171 98 174 100
163 97 174 97
174 70 174 81
172 55 174 58
163 44 174 44
174 30 174 41
173 10 174 15
163 2 174 2
173 238 173 249
173 226 173 237
173 214 173 225
172 208 173 213
170 205 173 207
168 203 173 204
172 197 173 202
172 191 173 196
162 190 173 190
171 182 173 185
162 181 173 181
173 162 173 173
172 154 173 159
173 141 173 152
173 129 173 140
173 117 173 128
172 86 173 91
173 70 173 81
172 64 173 69
162 63 173 63
171 49 173 52
162 46 173 46
173 30 173 41
171 17 173 20
162 16 173 16
162 5 173 5
167 248 172 249
171 242 172 247
172 230 172 241
172 218 172 229
170 214 172 217
171 168 172 173
171 162 172 167
172 141 172 152
172 129 172 140
172 117 172 128
171 106 172 111
170 102 172 105
170 92 172 95
172 70 172 81
161 45 172 45
171 37 172 42
171 31 172 36
170 27 172 30
161 26 172 26
171 10 172 15
161 3 172 3
171 230 171 241
171 218 171 229
170 208 171 213
171 191 171 202
169 186 171 189
168 176 171 178
170 154 171 159
171 141 171 152
171 129 171 140
171 117 171 128
170 86 171 91
168 83 171 85
171 70 171 81
170 64 171 69
169 55 171 58
170 236 170 247
170 224 170 235
169 218 170 223
167 200 170 202
169 194 170 199
167 191 170 193
168 182 170 185
170 162 170 173
170 141 170 152
170 129 170 140
170 117 170 128
167 114 170 116
169 106 170 111
167 98 170 100
170 70 170 81
165 61 170 62
169 47 170 52
167 40 170 42
169 34 170 39
165 31 170 32
165 23 170 24
168 18 170 21
159 17 170 17
159 15 170 15
165 13 170 14
169 7 170 12
165 0 170 1
169 236 169 247
169 224 169 235
169 206 169 217
158 205 169 205
169 164 169 175
164 162 169 163
168 154 169 159
169 141 169 152
169 129 169 140
169 117 169 128
158 113 169 113
158 112 169 112
167 102 169 105
168 90 169 95
167 86 169 89
169 70 169 81
167 66 169 69
164 64 169 65
164 59 169 60
167 27 169 30
158 25 169 25
158 22 169 22
168 236 168 247
168 224 168 235
168 212 168 223
167 206 168 211
167 194 168 199
166 186 168 189
157 180 168 180
168 164 168 175
168 141 168 152
167 135 168 140
168 123 168 134
167 117 168 122
167 106 168 111
168 71 168 82
166 55 168 58
165 52 168 54
166 48 168 51
157 47 168 47
166 36 168 39
165 33 168 35
167 7 168 12
167 236 167 247
167 224 167 235
167 212 167 223
162 203 167 204
165 182 167 185
167 167 167 178
164 164 167 166
166 154 167 159
167 141 167 152
167 123 167 134
166 90 167 95
167 74 167 85
165 70 167 73
156 43 167 43
165 18 167 21
166 238 166 249
166 226 166 237
166 214 166 225
165 208 166 213
161 206 166 207
166 191 166 202
166 167 166 178
165 148 166 153
166 136 166 147
166 124 166 135
165 118 166 123
164 114 166 117
166 100 166 111
161 98 166 99
165 84 166 89
165 78 166 83
164 74 166 77
164 66 166 69
163 40 166 42
164 27 166 30
165 7 166 12
155 6 166 6
163 246 165 249
165 234 165 245
165 222 165 233
164 216 165 221
160 214 165 215
165 191 165 202
163 186 165 189
165 167 165 178
164 154 165 159
165 136 165 147
165 124 165 135
165 100 165 111
164 91 165 96
154 90 165 90
163 55 165 58
154 51 165 51
162 48 165 50
163 36 165 39
164 234 164 245
164 222 164 233
163 208 164 213
164 191 164 202
162 182 164 185
164 167 164 178
164 142 164 153
163 136 164 141
164 124 164 135
163 118 164 123
164 100 164 111
164 78 164 89
162 70 164 73
159 61 164 62
161 52 164 54
162 32 164 35
153 31 164 31
159 23 164 24
162 18 164 21
163 9 164 14
159 7 164 8
159 0 164 1
163 234 163 245
163 222 163 233
162 216 163 221
163 191 163 202
161 176 163 179
163 164 163 175
158 162 163 163
163 148 163 159
158 146 163 147
160 143 163 145
152 142 163 142
162 130 163 135
162 124 163 129
161 114 163 117
163 100 163 111
162 91 163 96
162 84 163 89
162 78 163 83
161 74 163 77
162 64 163 69
158 59 163 60
161 27 163 30
152 4 163 4
162 238 162 249
159 235 162 237
162 223 162 234
151 222 162 222
161 208 162 213
162 191 162 202
159 187 162 189
160 172 162 175
161 166 162 171
157 164 162 165
162 150 162 161
157 148 162 149
161 136 162 141
161 118 162 123
162 100 162 111
151 97 162 97
160 55 162 58
151 44 162 44
161 37 162 42
151 36 162 36
161 9 162 14
151 2 162 2
161 238 161 249
161 223 161 234
160 216 161 221
161 193 161 204
158 190 161 192
160 181 161 186
161 150 161 161
161 124 161 135
161 100 161 111
158 94 161 96
158 91 161 93
161 78 161 89
160 68 161 73
159 64 161 67
150 63 161 63
158 48 161 50
150 46 161 46
159 32 161 35
159 18 161 21
150 16 161 16
150 5 161 5
160 238 160 249
160 223 160 234
159 208 160 213
155 206 160 207
160 193 160 204
158 176 160 179
159 166 160 171
160 150 160 161
160 130 160 141
160 118 160 129
158 114 160 117
160 100 160 111
155 98 160 99
160 78 160 89
158 74 160 77
157 52 160 54
149 45 160 45
159 37 160 42
158 27 160 30
149 26 160 26
159 9 160 14
149 3 160 3
159 238 159 249
159 223 159 234
158 216 159 221
154 214 159 215
159 193 159 204
154 185 159 186
157 181 159 184
157 172 159 175
159 150 159 161
148 145 159 145
154 143 159 144
159 130 159 141
159 118 159 129
159 100 159 111
159 78 159 89
158 68 159 73
157 55 159 58
158 238 158 249
158 226 158 237
155 223 158 225
157 208 158 213
158 193 158 204
155 187 158 189
157 166 158 171
158 150 158 161
158 130 158 141
158 118 158 129
158 100 158 111
158 78 158 89
156 64 158 67
153 61 158 62
156 39 158 42
153 37 158 38
156 32 158 35
153 23 158 24
156 18 158 21
147 17 158 17
157 10 158 15
155 7 158 9
153 0 158 1
157 238 157 249
157 226 157 237
156 216 157 221
156 200 157 205
156 194 157 199
155 190 157 193
155 176 157 179
157 152 157 163
152 150 157 151
152 146 157 147
157 130 157 141
157 118 157 129
157 106 157 117
156 100 157 105
155 93 157 96
152 91 157 92
157 78 157 89
155 74 157 77
156 68 157 73
146 60 157 60
146 59 157 59
154 48 157 50
155 27 157 30
146 25 157 25
146 22 157 22
156 238 156 249
156 226 156 237
155 208 156 213
154 181 156 184
145 180 156 180
156 164 156 175
155 158 156 163
155 152 156 157
151 148 156 149
156 130 156 141
156 118 156 129
156 106 156 117
156 78 156 89
155 53 156 58
145 52 156 52
145 47 156 47
155 10 156 15
155 238 155 249
155 226 155 237
154 216 155 221
153 202 155 205
154 196 155 201
150 194 155 195
155 164 155 175
155 130 155 141
155 118 155 129
155 106 155 117
154 100 155 105
155 78 155 89
154 68 155 73
153 64 155 67
153 40 155 43
144 39 155 39
153 32 155 35
152 19 155 21
144 18 155 18
154 238 154 249
154 226 154 237
151 223 154 225
153 208 154 213
149 206 154 207
153 188 154 193
143 187 154 187
154 168 154 179
154 156 154 167
152 152 154 155
154 130 154 141
154 118 154 129
154 106 154 117
149 98 154 99
152 93 154 96
154 78 154 89
152 74 154 77
153 53 154 58
152 27 154 30
153 10 154 15
152 6 154 9
153 238 153 249
153 226 153 237
152 216 153 221
148 214 153 215
152 196 153 201
152 181 153 186
153 168 153 179
153 156 153 167
148 143 153 144
153 130 153 141
153 118 153 129
153 106 153 117
152 100 153 105
153 79 153 90
142 78 153 78
152 68 153 73
151 48 153 51
152 238 152 249
151 232 152 237
151 226 152 231
151 208 152 213
150 202 152 205
151 188 152 193
152 168 152 179
151 162 152 167
150 158 152 161
141 157 152 157
152 130 152 141
152 118 152 129
152 106 152 117
152 79 152 90
150 64 152 67
147 61 152 62
151 53 152 58
150 40 152 43
147 37 152 38
150 32 152 35
141 31 152 31
147 23 152 24
151 10 152 15
147 0 152 1
150 244 151 249
150 238 151 243
150 216 151 221
150 196 151 201
150 181 151 186
149 176 151 179
150 170 151 175
146 168 151 169
150 151 151 156
146 146 151 147
151 131 151 142
151 119 151 130
151 107 151 118
150 101 151 106
140 100 151 100
150 91 151 96
151 79 151 90
150 72 151 77
149 68 151 71
149 27 151 30
148 19 151 21
149 6 151 9
140 4 151 4
149 232 150 237
149 226 150 231
147 223 150 225
139 222 150 222
149 208 150 213
149 188 150 193
149 162 150 167
147 148 150 150
150 131 150 142
150 119 150 130
150 107 150 118
139 97 150 97
150 79 150 90
149 53 150 58
148 48 150 51
139 44 150 44
139 36 150 36
149 10 150 15
139 2 150 2
149 238 149 249
148 216 149 221
149 194 149 205
148 181 149 186
147 172 149 175
138 171 149 171
138 170 149 170
147 158 149 161
148 151 149 156
147 139 149 142
147 135 149 138
149 123 149 134
149 111 149 122
148 105 149 110
147 101 149 104
149 85 149 96
148 79 149 84
147 74 149 77
138 72 149 72
147 64 149 67
138 63 149 63
138 46 149 46
146 41 149 43
138 40 149 40
147 32 149 35
138 16 149 16
148 238 148 249
148 226 148 237
148 202 148 213
148 190 148 201
137 189 148 189
137 188 148 188
146 176 148 179
147 162 148 167
148 123 148 134
148 111 148 122
143 98 148 99
147 91 148 96
147 85 148 90
146 68 148 71
147 53 148 58
137 45 148 45
146 27 148 30
137 26 148 26
147 10 148 15
146 6 148 9
137 3 148 3
145 246 147 249
147 234 147 245
146 228 147 233
142 226 147 227
145 218 147 221
147 206 147 217
147 194 147 205
145 190 147 193
146 181 147 186
146 151 147 156
144 143 147 145
147 123 147 134
147 111 147 122
146 105 147 110
146 79 147 84
136 73 147 73
145 48 147 51
144 19 147 21
146 234 146 245
143 223 146 225
146 206 146 217
146 194 146 205
144 172 146 175
145 162 146 167
144 158 146 161
143 148 146 150
146 131 146 142
146 119 146 130
145 113 146 118
141 111 146 112
144 101 146 104
146 85 146 96
144 74 146 77
144 64 146 67
135 62 146 62
145 53 146 58
141 37 146 38
144 32 146 35
141 23 146 24
135 17 146 17
145 10 146 15
135 5 146 5
141 0 146 1
145 234 145 245
144 228 145 233
145 206 145 217
145 194 145 205
144 181 145 186
140 178 145 179
134 176 145 176
134 169 145 169
134 168 145 168
143 153 145 156
140 151 145 152
134 147 145 147
134 146 145 146
145 131 145 142
144 125 145 130
143 121 145 124
140 119 145 120
144 105 145 110
143 93 145 96
145 81 145 92
140 79 145 80
143 68 145 71
142 59 145 61
140 42 145 43
134 41 145 41
143 27 145 30
134 22 145 22
143 6 145 9
144 238 144 249
142 234 144 237
143 216 144 221
142 212 144 215
144 200 144 211
143 194 144 199
142 190 144 193
133 180 144 180
143 162 144 167
144 131 144 142
143 113 144 118
143 87 144 92
143 81 144 86
142 55 144 58
143 49 144 54
139 47 144 48
133 25 144 25
143 10 144 15
143 238 143 249
141 230 143 233
138 228 143 229
143 200 143 211
142 181 143 186
141 172 143 175
141 158 143 161
143 134 143 145
142 128 143 133
140 125 143 127
141 107 143 110
142 101 143 106
141 74 143 77
141 64 143 67
132 39 143 39
141 32 143 35
141 18 143 21
142 238 142 249
139 223 142 225
141 216 142 221
142 200 142 211
141 194 142 199
131 187 142 187
131 177 142 177
141 162 142 167
140 153 142 156
139 148 142 150
142 134 142 145
140 121 142 124
141 113 142 118
131 99 142 99
131 98 142 98
142 85 142 96
140 81 142 84
140 68 142 71
141 49 142 54
140 27 142 30
141 10 142 15
140 6 142 9
141 238 141 249
139 234 141 237
136 226 141 227
141 204 141 215
139 200 141 203
139 190 141 193
140 181 141 186
141 134 141 145
140 128 141 133
140 101 141 106
141 85 141 96
140 56 141 61
130 55 141 55
140 238 140 249
138 230 140 233
140 210 140 221
139 204 140 209
139 194 140 199
138 172 140 175
139 162 140 167
138 158 140 161
129 157 140 157
140 134 140 145
140 107 140 118
140 85 140 96
129 78 140 78
138 74 140 77
138 64 140 67
135 53 140 54
138 49 140 52
135 37 140 38
138 32 140 35
129 31 140 31
135 23 140 24
138 18 140 21
138 12 140 15
135 10 140 11
135 0 140 1
139 238 139 249
139 210 139 221
138 181 139 186
134 178 139 179
128 156 139 156
137 152 139 155
128 151 139 151
139 134 139 145
139 122 139 133
139 110 139 121
138 104 139 109
137 100 139 103
137 93 139 96
139 81 139 92
134 79 139 80
137 68 139 71
138 56 139 61
134 42 139 43
137 27 139 30
137 6 139 9
128 4 139 4
138 238 138 249
136 234 138 237
138 214 138 225
138 202 138 213
136 198 138 201
133 196 138 197
137 190 138 195
137 162 138 167
135 148 138 150
138 134 138 145
138 122 138 133
138 110 138 121
127 97 138 97
138 81 138 92
133 47 138 48
127 36 138 36
127 2 138 2
136 244 137 249
135 240 137 243
132 238 137 239
136 228 137 233
137 214 137 225
137 202 137 213
136 181 137 186
136 170 137 175
135 158 137 161
137 134 137 145
137 122 137 133
136 116 137 121
135 112 137 115
126 111 137 111
135 107 137 110
134 104 137 106
137 81 137 92
135 74 137 77
126 72 137 72
126 67 137 67
135 63 137 66
136 56 137 61
135 49 137 52
126 46 137 46
126 44 137 44
126 40 137 40
134 33 137 35
135 18 137 21
135 13 137 16
136 214 136 225
136 202 136 213
134 192 136 195
134 188 136 191
135 162 136 167
134 152 136 155
135 140 136 145
136 128 136 139
134 124 136 127
131 122 136 123
134 100 136 103
136 85 136 96
134 81 136 84
134 68 136 71
125 45 136 45
125 32 136 32
134 27 136 30
125 26 136 26
134 6 136 9
125 3 136 3
134 244 135 249
135 226 135 237
135 214 135 225
135 202 135 213
133 198 135 201
134 181 135 186
132 173 135 175
132 170 135 172
134 134 135 139
134 128 135 133
134 116 135 121
134 91 135 96
134 85 135 90
124 73 135 73
134 56 135 61
132 240 134 243
134 226 134 237
134 214 134 225
133 208 134 213
132 204 134 207
129 202 134 203
133 162 134 167
132 158 134 161
131 148 134 150
132 142 134 145
129 140 134 141
132 112 134 115
132 107 134 110
132 74 134 77
132 63 134 66
123 62 134 62
133 49 134 54
129 37 134 38
129 23 134 24
134 10 134 21
123 5 134 5
123 1 134 1
132 244 133 249
133 226 133 237
133 214 133 225
122 195 133 195
131 191 133 194
130 188 133 190
132 181 133 186
122 179 133 179
122 178 133 178
122 176 133 176
128 168 133 169
131 152 133 155
128 146 133 147
133 128 133 139
131 124 133 127
132 116 133 121
132 101 133 106
122 100 133 100
133 85 133 96
128 83 133 84
128 81 133 82
128 79 133 80
131 68 133 71
132 56 133 61
130 41 133 43
130 33 133 35
131 27 133 30
133 11 133 22
131 7 133 10
122 6 133 6
132 226 132 237
132 214 132 225
131 208 132 213
131 196 132 201
121 180 132 180
131 162 132 167
132 128 132 139
132 85 132 96
131 49 132 54
127 47 132 48
121 25 132 25
127 21 132 22
121 20 132 20
130 16 132 19
127 14 132 15
129 11 132 13
121 0 132 0
131 238 131 249
131 226 131 237
131 214 131 225
129 204 131 207
130 181 131 186
130 170 131 175
129 158 131 161
129 142 131 145
130 134 131 139
129 130 131 133
126 128 131 129
128 119 131 121
129 115 131 118
128 112 131 114
130 105 131 110
129 101 131 104
131 85 131 96
128 75 131 77
120 74 131 74
129 63 131 66
130 56 131 61
120 39 131 39
130 238 130 249
130 226 130 237
130 214 130 225
129 208 130 213
129 196 130 201
128 191 130 194
119 187 130 187
119 177 130 177
129 162 130 167
128 152 130 155
127 148 130 150
129 122 130 127
125 98 130 99
130 85 130 96
128 68 130 71
129 49 130 54
128 27 130 30
128 7 130 10
128 244 129 249
129 232 129 243
129 220 129 231
128 214 129 219
126 188 129 190
128 181 129 186
128 170 129 175
128 134 129 139
128 105 129 110
129 85 129 96
128 56 129 61
118 55 129 55
126 41 129 43
126 33 129 35
127 16 129 19
128 232 128 243
128 220 128 231
128 202 128 213
127 196 128 201
127 162 128 167
126 158 128 161
117 157 128 157
127 140 128 145
126 130 128 133
127 122 128 127
126 115 128 118
126 101 128 104
128 85 128 96
117 78 128 78
125 64 128 66
117 63 128 63
127 49 128 54
123 37 128 38
117 31 128 31
123 23 128 24
125 11 128 13
127 238 127 249
127 226 127 237
127 214 127 225
127 202 127 213
125 191 127 194
126 181 127 186
126 170 127 175
126 151 127 156
122 146 127 147
126 134 127 139
124 119 127 121
124 112 127 114
126 105 127 110
125 93 127 96
125 89 127 92
126 83 127 88
125 79 127 82
124 75 127 77
125 68 127 71
126 56 127 61
125 27 127 30
125 7 127 10
116 4 127 4
126 238 126 249
125 232 126 237
126 220 126 231
126 208 126 219
126 196 126 207
125 164 126 169
121 162 126 163
123 148 126 150
125 140 126 145
125 122 126 127
115 97 126 97
125 49 126 54
121 47 126 48
115 36 126 36
115 22 126 22
115 21 126 21
125 14 126 19
115 2 126 2
120 248 125 249
124 242 125 247
123 238 125 241
124 226 125 231
125 214 125 225
125 202 125 213
124 196 125 201
122 188 125 190
124 181 125 186
114 175 125 175
114 174 125 174
122 171 125 173
114 170 125 170
123 158 125 161
124 151 125 156
125 128 125 139
123 115 125 118
114 111 125 111
124 105 125 110
123 101 125 104
122 86 125 88
122 83 125 85
114 72 125 72
114 67 125 67
124 56 125 61
114 46 125 46
123 41 125 44
114 40 125 40
120 34 125 35
114 33 125 33
123 232 124 237
124 214 124 225
123 208 124 213
123 202 124 207
122 191 124 194
123 164 124 169
124 134 124 145
124 122 124 133
119 98 124 99
123 91 124 96
119 89 124 90
122 79 124 82
122 68 124 71
121 64 124 66
123 49 124 54
113 45 124 45
122 27 124 30
113 26 124 26
124 8 124 19
113 7 124 7
113 3 124 3
122 242 123 247
123 220 123 231
122 214 123 219
122 196 123 201
121 183 123 186
118 181 123 182
122 151 123 156
123 134 123 145
123 122 123 133
120 119 123 121
118 113 123 114
112 112 123 112
122 105 123 110
120 75 123 77
121 58 123 61
118 56 123 57
123 8 123 19
122 230 122 241
121 224 122 229
120 220 122 223
120 210 122 213
111 209 122 209
119 206 122 208
120 202 122 205
117 168 122 169
119 165 122 167
111 164 122 164
120 158 122 161
117 149 122 150
122 134 122 145
122 122 122 133
120 115 122 118
120 101 122 104
121 91 122 96
111 62 122 62
119 52 122 54
119 49 122 51
119 42 122 44
111 41 122 41
117 37 122 38
111 32 122 32
111 24 122 24
111 23 122 23
122 8 122 19
111 5 122 5
111 1 122 1
121 236 121 247
120 230 121 235
120 214 121 219
121 190 121 201
116 188 121 189
116 178 121 179
110 176 121 176
116 172 121 173
110 171 121 171
120 151 121 156
121 137 121 148
119 133 121 136
119 129 121 132
120 123 121 128
110 122 121 122
120 105 121 110
110 100 121 100
120 83 121 88
119 79 121 82
119 68 121 71
118 28 121 30
110 27 121 27
121 8 121 19
110 6 121 6
120 236 120 247
119 224 120 229
120 190 120 201
118 183 120 186
109 180 120 180
115 162 120 163
120 137 120 148
119 91 120 96
109 73 120 73
117 64 120 66
118 58 120 61
115 47 120 48
109 25 120 25
120 9 120 20
109 8 120 8
109 0 120 0
119 238 119 249
117 234 119 237
117 230 119 233
119 212 119 223
114 210 119 211
119 194 119 205
117 190 119 193
117 158 119 161
118 151 119 156
119 137 119 148
118 123 119 128
118 116 119 121
108 115 119 115
118 105 119 110
117 101 119 104
118 83 119 88
114 76 119 77
114 74 119 75
108 39 119 39
114 34 119 35
119 9 119 20
118 238 118 249
118 218 118 229
117 212 118 217
117 203 118 208
113 201 118 202
117 195 118 200
107 187 118 187
107 177 118 177
115 165 118 167
118 137 118 148
117 131 118 136
113 129 118 130
113 98 118 99
117 91 118 96
113 89 118 90
116 79 118 82
116 68 118 71
117 49 118 54
115 42 118 44
118 9 118 20
117 238 117 249
117 218 117 229
106 194 117 194
116 181 117 186
116 151 117 156
117 137 117 148
116 123 117 128
116 116 117 121
106 114 117 114
106 113 117 113
116 105 117 110
116 83 117 88
116 56 117 61
106 55 117 55
114 28 117 30
117 9 117 20
115 244 116 249
116 232 116 243
115 226 116 231
116 214 116 225
111 212 116 213
115 203 116 208
115 195 116 200
114 190 116 193
111 168 116 169
114 158 116 161
105 157 116 157
116 139 116 150
115 133 116 138
111 131 116 132
114 101 116 104
113 94 116 96
111 91 116 92
105 78 116 78
105 66 116 66
105 65 116 65
111 63 116 64
115 49 116 54
111 37 116 38
105 31 116 31
116 9 116 20
114 238 115 243
113 234 115 237
104 233 115 233
115 214 115 225
110 188 115 189
114 181 115 186
110 178 115 179
110 172 115 173
115 145 115 156
114 139 115 144
114 123 115 128
114 116 115 121
114 105 115 110
104 93 115 93
114 83 115 88
113 79 115 82
112 69 115 71
104 68 115 68
114 56 115 61
115 9 115 20
104 4 115 4
113 244 114 249
113 227 114 232
114 215 114 226
113 203 114 208
113 195 114 200
111 165 114 167
109 162 114 163
114 145 114 156
111 136 114 138
111 133 114 135
103 97 114 97
113 49 114 54
109 47 114 48
111 42 114 44
114 11 114 22
109 9 114 10
103 2 114 2
112 238 113 243
113 215 113 226
102 214 113 214
108 210 113 211
111 190 113 193
112 181 113 186
108 174 113 175
102 170 113 170
111 158 113 161
113 145 113 156
111 141 113 144
108 139 113 140
112 123 113 128
112 116 113 121
112 106 113 111
111 102 113 105
102 101 113 101
112 83 113 88
111 74 113 77
102 72 113 72
112 56 113 61
102 46 113 46
102 40 113 40
111 33 113 36
102 30 113 30
102 28 113 28
112 17 113 22
112 11 113 16
111 244 112 249
110 234 112 237
112 221 112 232
111 215 112 220
111 203 112 208
111 197 112 202
107 195 112 196
112 145 112 156
107 129 112 130
101 98 112 98
109 94 112 96
101 89 112 89
110 79 112 82
111 49 112 54
101 45 112 45
101 26 112 26
101 7 112 7
101 3 112 3
110 238 111 243
111 221 111 232
110 181 111 186
111 145 111 156
109 125 111 128
106 123 111 124
110 116 111 121
110 107 111 112
100 106 111 106
110 83 111 88
108 69 111 71
100 67 111 67
110 56 111 61
111 11 111 22
108 245 110 248
99 244 110 244
110 221 110 232
109 215 110 220
105 212 110 213
110 198 110 209
99 197 110 197
108 190 110 193
109 164 110 169
108 158 110 161
109 151 110 156
109 145 110 150
108 141 110 144
109 133 110 138
105 131 110 132
105 104 110 105
99 103 110 103
99 102 110 102
107 90 110 92
108 74 110 77
107 62 110 64
108 51 110 54
105 49 110 50
108 41 110 44
109 33 110 38
99 32 110 32
99 29 110 29
110 13 110 24
105 11 110 12
99 5 110 5
99 1 110 1
108 238 109 243
107 234 109 237
108 227 109 232
108 221 109 226
108 204 109 209
108 198 109 203
104 188 109 189
108 181 109 186
98 179 109 179
98 178 109 178
106 171 109 173
107 119 109 122
98 116 109 116
108 107 109 112
104 99 109 100
108 83 109 88
107 79 109 82
108 56 109 61
98 27 109 27
109 13 109 24
98 6 109 6
107 215 108 220
97 176 108 176
107 164 108 169
103 162 108 163
108 145 108 156
106 135 108 138
103 133 108 134
106 125 108 128
97 118 108 118
105 94 108 96
97 73 108 73
103 47 108 48
107 33 108 38
108 14 108 25
97 13 108 13
103 9 108 10
97 8 108 8
105 246 107 249
96 245 107 245
106 238 107 243
107 221 107 232
107 200 107 211
96 199 107 199
105 190 107 193
106 181 107 186
96 180 107 180
102 174 107 175
96 161 107 161
96 160 107 160
102 158 107 159
107 145 107 156
106 139 107 144
96 115 107 115
106 107 107 112
106 83 107 88
105 74 107 77
104 69 107 71
106 56 107 61
105 51 107 54
105 41 107 44
96 39 107 39
107 14 107 25
104 234 106 237
106 221 106 232
104 217 106 220
95 215 106 215
105 206 106 211
105 200 106 205
95 198 106 198
101 195 106 196
95 187 106 187
95 177 106 177
105 164 106 169
106 145 106 156
101 129 106 130
104 119 106 122
103 90 106 92
104 79 106 82
103 62 106 64
105 33 106 38
106 14 106 25
104 238 105 243
94 232 105 232
103 228 105 231
104 222 105 227
94 194 105 194
104 181 105 186
102 171 105 173
105 145 105 156
104 139 105 144
103 135 105 138
104 123 105 128
94 117 105 117
104 109 105 114
100 107 105 108
104 83 105 88
104 56 105 61
94 55 105 55
105 14 105 25
102 246 104 249
93 221 104 221
93 216 104 216
104 202 104 213
93 200 104 200
102 190 104 193
103 164 104 169
104 146 104 157
93 145 104 145
99 131 104 132
99 104 104 105
101 94 104 96
102 75 104 78
93 74 104 74
99 65 104 66
103 49 104 54
102 41 104 44
103 33 104 38
93 31 104 31
104 14 104 25
93 12 104 12
93 11 104 11
102 238 103 243
101 234 103 237
92 233 103 233
102 222 103 227
101 217 103 220
103 202 103 213
98 188 103 189
101 183 103 186
98 181 103 182
103 146 103 157
102 139 103 144
102 123 103 128
101 119 103 122
102 109 103 114
98 99 103 100
92 93 103 93
102 83 103 88
101 79 103 82
100 68 103 70
102 56 103 61
103 14 103 25
92 4 103 4
100 228 102 231
102 202 102 213
101 164 102 169
97 162 102 163
102 146 102 157
101 133 102 138
91 97 102 97
99 90 102 92
99 62 102 64
101 49 102 54
97 47 102 48
101 33 102 38
102 14 102 25
97 9 102 10
91 2 102 2
99 246 101 249
100 238 101 243
99 224 101 227
90 222 101 222
101 203 101 214
96 201 101 202
99 190 101 193
100 170 101 175
100 154 101 159
100 148 101 153
96 146 101 147
100 139 101 144
100 123 101 128
99 111 101 114
90 109 101 109
100 83 101 88
98 76 101 78
90 75 101 75
90 72 101 72
100 56 101 61
90 46 101 46
96 43 101 44
96 41 101 42
90 40 101 40
90 30 101 30
90 28 101 28
101 14 101 25
98 234 100 237
89 223 100 223
98 217 100 220
98 211 100 214
99 205 100 210
95 203 100 204
95 195 100 196
98 183 100 186
99 164 100 169
99 133 100 138
95 129 100 130
98 119 100 122
89 98 100 98
97 94 100 96
89 89 100 89
98 79 100 82
89 71 100 71
99 49 100 54
89 45 100 45
99 33 100 38
100 15 100 26
89 14 100 14
89 7 100 7
89 3 100 3
97 240 99 243
94 238 99 239
97 228 99 231
98 170 99 175
99 148 99 159
97 141 99 144
94 139 99 140
98 123 99 128
96 106 99 108
98 83 99 88
97 67 99 70
98 56 99 61
99 15 99 26
88 0 99 0
96 246 98 249
87 244 98 244
96 224 98 227
97 205 98 210
87 197 98 197
96 190 98 193
96 166 98 169
93 164 98 165
98 148 98 159
97 133 98 138
93 131 98 132
96 111 98 114
96 102 98 105
95 90 98 92
96 63 98 66
87 62 98 62
97 49 98 54
97 33 98 38
87 32 98 32
87 29 98 29
98 15 98 26
87 5 98 5
87 1 98 1
95 234 97 237
95 217 97 220
95 211 97 214
92 188 97 189
96 181 97 186
92 178 97 179
96 170 97 175
97 148 97 159
96 123 97 128
95 119 97 122
86 116 97 116
92 99 97 100
97 77 97 88
86 76 97 76
96 56 97 61
96 22 97 27
96 16 97 21
86 6 97 6
94 240 96 243
94 228 96 231
95 205 96 210
85 176 96 176
91 162 96 163
96 148 96 159
94 141 96 144
95 133 96 138
85 118 96 118
91 95 96 96
85 94 96 94
96 77 96 88
85 73 96 73
94 67 96 70
95 49 96 54
85 48 96 48
85 47 96 47
95 33 96 38
85 13 96 13
91 9 96 10
85 8 96 8
93 246 95 249
84 245 95 245
93 224 95 227
90 201 95 202
84 199 95 199
93 190 95 193
94 181 95 186
84 180 95 180
94 170 95 175
93 166 95 169
95 150 95 161
93 146 95 149
94 123 95 128
94 110 95 115
94 103 95 108
95 77 95 88
93 63 95 66
94 56 95 61
93 41 95 44
84 39 95 39
95 16 95 27
92 234 94 237
89 219 94 220
89 217 94 218
94 204 94 215
83 203 94 203
83 198 94 198
89 195 94 196
83 187 94 187
83 177 94 177
94 150 94 161
93 133 94 138
89 129 94 130
91 120 94 122
83 119 94 119
91 90 94 92
94 77 94 88
93 49 94 54
93 33 94 38
94 16 94 27
91 240 93 243
88 238 93 239
88 231 93 232
88 229 93 230
82 228 93 228
93 204 93 215
82 194 93 194
92 181 93 186
92 170 93 175
93 150 93 161
92 139 93 144
92 123 93 128
82 117 93 117
92 110 93 115
92 103 93 108
93 77 93 88
91 67 93 70
92 56 93 61
93 16 93 27
90 246 92 249
90 224 92 227
81 221 92 221
92 205 92 216
81 200 92 200
90 190 92 193
91 164 92 169
92 150 92 161
89 147 92 149
81 146 92 146
81 145 92 145
91 133 92 138
87 131 92 132
92 77 92 88
90 63 92 66
91 50 92 55
81 49 92 49
81 44 92 44
81 43 92 43
87 41 92 42
91 33 92 38
81 31 92 31
92 16 92 27
81 11 92 11
89 234 91 237
89 213 91 216
89 209 91 212
89 205 91 208
80 189 91 189
80 188 91 188
86 185 91 186
89 181 91 184
86 178 91 179
90 170 91 175
90 156 91 161
90 150 91 155
90 139 91 144
90 123 91 128
90 110 91 115
89 105 91 108
90 99 91 104
80 93 91 93
91 77 91 88
80 74 91 74
90 56 91 61
91 16 91 27
80 4 91 4
88 240 90 243
79 204 90 204
89 164 90 169
85 162 90 163
88 135 90 138
85 133 90 134
87 120 90 122
87 95 90 97
87 90 90 92
90 77 90 88
85 69 90 70
88 52 90 55
85 50 90 51
89 33 90 38
90 16 90 27
85 9 90 10
79 2 90 2
87 246 89 249
87 224 89 227
78 222 89 222
84 201 89 202
87 190 89 193
88 170 89 175
89 150 89 161
88 139 89 144
88 123 89 128
87 112 89 115
86 109 89 111
88 99 89 104
89 77 89 88
78 75 89 75
78 72 89 72
88 63 89 68
88 56 89 61
78 46 89 46
78 40 89 40
78 30 89 30
89 17 89 28
84 15 89 16
86 234 88 237
77 233 88 233
77 223 88 223
88 209 88 220
85 206 88 208
77 205 88 205
86 181 88 184
87 164 88 169
88 150 88 161
85 147 88 149
83 129 88 130
86 105 88 108
88 78 88 89
77 71 88 71
87 33 88 38
87 23 88 28
86 19 88 22
83 17 88 18
77 14 88 14
77 7 88 7
77 3 88 3
86 238 87 243
85 229 87 232
87 209 87 220
86 170 87 175
87 150 87 161
86 139 87 144
85 135 87 138
85 125 87 128
82 123 87 124
86 99 87 104
76 98 87 98
87 78 87 89
76 77 87 77
86 63 87 68
86 56 87 61
85 52 87 55
76 0 87 0
84 246 86 249
75 244 86 244
83 225 86 227
86 209 86 220
83 195 86 197
84 190 86 193
85 164 86 169
84 158 86 161
85 152 86 157
81 150 86 151
81 131 86 132
83 120 86 122
84 112 86 115
83 95 86 97
86 81 86 92
83 78 86 80
81 41 86 42
85 33 86 38
84 26 86 29
83 23 86 25
75 5 86 5
75 1 86 1
84 238 85 243
83 234 85 237
74 224 85 224
85 209 85 220
84 181 85 186
80 178 85 179
84 170 85 175
84 139 85 144
74 116 85 116
85 100 85 111
74 99 85 99
85 81 85 92
85 57 85 68
74 56 85 56
83 19 85 22
74 6 85 6
82 229 84 232
84 209 84 220
81 206 84 208
73 176 84 176
83 164 84 169
79 162 84 163
83 152 84 157
79 148 84 149
73 147 84 147
83 133 84 138
82 125 84 128
73 118 84 118
84 100 84 111
73 94 84 94
83 87 84 92
83 81 84 86
73 73 84 73
83 65 84 70
83 59 84 64
79 57 84 58
83 50 84 55
79 47 84 48
73 45 84 45
82 35 84 38
79 33 84 34
73 32 84 32
73 13 84 13
73 12 84 12
79 9 84 10
73 8 84 8
81 246 83 249
72 245 83 245
82 238 83 243
83 209 83 220
78 201 83 202
81 190 83 193
82 181 83 186
72 180 83 180
82 170 83 175
72 161 83 161
80 158 83 160
82 139 83 144
83 104 83 115
81 100 83 103
72 39 83 39
81 26 83 29
78 15 83 16
80 234 82 237
79 225 82 227
81 215 82 220
81 209 82 214
71 203 82 203
79 197 82 199
71 195 82 195
71 187 82 187
71 177 82 177
81 164 82 169
81 152 82 157
81 133 82 138
77 129 82 130
71 122 82 122
77 119 82 120
81 110 82 115
79 107 82 109
77 105 82 106
71 104 82 104
79 95 82 97
80 89 82 92
81 83 82 88
77 81 82 82
79 78 82 80
82 59 82 70
81 50 82 55
80 22 82 25
80 18 82 21
71 17 82 17
80 238 81 243
79 229 81 232
70 228 81 228
70 194 81 194
80 181 81 186
80 170 81 175
80 139 81 144
78 126 81 128
78 123 81 125
81 59 81 70
79 35 81 38
78 246 80 249
80 210 80 221
78 206 80 209
69 200 80 200
78 190 80 193
79 164 80 169
79 152 80 157
75 150 80 151
75 145 80 146
79 133 80 138
75 131 80 132
69 121 80 121
79 110 80 115
78 100 80 103
79 83 80 88
80 59 80 70
79 50 80 55
69 49 80 49
78 41 80 44
69 31 80 31
78 26 80 29
69 11 80 11
78 238 79 243
76 235 79 237
68 234 79 234
79 210 79 221
68 188 79 188
78 181 79 186
74 178 79 179
77 172 79 175
68 171 79 171
68 170 79 170
76 158 79 160
78 139 79 144
77 90 79 93
68 89 79 89
68 74 79 74
79 59 79 70
78 20 79 25
74 18 79 19
68 4 79 4
76 229 78 232
75 225 78 227
76 218 78 221
76 214 78 217
76 210 78 213
67 204 78 204
76 196 78 199
77 164 78 169
73 162 78 163
67 157 78 157
76 153 78 156
67 152 78 152
67 149 78 149
67 148 78 148
77 133 78 138
67 117 78 117
77 110 78 115
75 107 78 109
75 95 78 97
77 83 78 88
75 78 78 80
78 59 78 70
73 57 78 58
77 50 78 55
67 48 78 48
67 47 78 47
77 33 78 38
73 9 78 10
67 2 78 2
74 247 77 249
76 238 77 243
66 222 77 222
75 206 77 209
72 201 77 202
74 191 77 193
72 189 77 190
76 181 77 186
76 139 77 144
76 123 77 128
75 100 77 103
66 76 77 76
66 75 77 75
66 72 77 72
77 59 77 70
66 46 77 46
75 41 77 44
66 40 77 40
76 25 77 30
75 21 77 24
66 20 77 20
72 15 77 16
65 246 76 246
65 233 76 233
65 205 76 205
74 172 76 175
75 164 76 169
75 133 76 138
71 129 76 130
74 112 76 115
65 110 76 110
71 105 76 106
74 90 76 93
73 86 76 88
74 82 76 85
65 81 76 81
76 60 76 71
65 59 76 59
75 50 76 55
75 33 76 38
65 14 76 14
65 7 76 7
65 3 76 3
74 238 75 243
72 235 75 237
73 229 75 232
64 223 75 223
75 210 75 221
73 196 75 199
74 181 75 186
70 159 75 160
64 158 75 158
64 155 75 155
64 153 75 153
74 139 75 144
74 123 75 128
64 120 75 120
64 98 75 98
75 60 75 71
74 25 75 30
64 0 75 0
63 244 74 244
63 227 74 227
63 226 74 226
72 218 74 221
74 206 74 217
69 168 74 169
72 164 74 167
63 156 74 156
69 150 74 151
69 145 74 146
73 133 74 138
69 131 74 132
63 119 74 119
63 111 74 111
71 107 74 109
72 100 74 103
71 95 74 97
72 77 74 80
74 60 74 71
73 50 74 55
72 41 74 44
73 33 74 38
72 21 74 24
63 5 74 5
63 1 74 1
70 247 73 249
72 238 73 243
68 224 73 225
73 206 73 217
70 191 73 193
72 181 73 186
68 178 73 179
71 172 73 175
72 139 73 144
72 123 73 128
71 113 73 116
62 112 73 112
62 99 73 99
71 90 73 93
71 82 73 85
62 71 73 71
72 65 73 70
71 61 73 64
62 56 73 56
72 25 73 30
68 18 73 19
70 229 72 232
72 206 72 217
70 196 72 199
61 176 72 176
67 162 72 163
61 147 72 147
71 133 72 138
61 118 72 118
61 94 72 94
69 86 72 88
61 73 72 73
67 57 72 58
71 50 72 55
61 45 72 45
71 33 72 38
61 32 72 32
67 12 72 13
69 8 72 10
60 245 71 245
70 238 71 243
68 235 71 237
71 210 71 221
69 206 71 209
66 201 71 202
66 189 71 190
70 181 71 186
60 180 71 180
68 165 71 167
60 164 71 164
60 161 71 161
70 139 71 144
70 123 71 128
69 100 71 103
69 77 71 80
70 65 71 70
69 41 71 44
60 39 71 39
70 25 71 30
68 22 71 24
66 15 71 16
70 210 70 221
59 203 70 203
59 195 70 195
59 187 70 187
59 177 70 177
68 172 70 175
69 133 70 138
65 129 70 130
59 122 70 122
68 113 70 116
69 104 70 109
65 96 70 97
59 95 70 95
68 90 70 93
68 82 70 85
67 62 70 64
65 60 70 61
69 50 70 55
69 33 70 38
59 17 70 17
66 247 69 249
68 238 69 243
67 229 69 232
69 210 69 221
67 196 69 199
64 193 69 194
58 191 69 191
68 181 69 186
64 159 69 160
68 139 69 144
67 125 69 128
64 123 69 124
68 65 69 70
68 25 69 30
68 210 68 221
66 206 68 209
57 200 68 200
63 168 68 169
63 150 68 151
63 145 68 146
67 133 68 138
63 131 68 132
57 121 68 121
67 104 68 109
66 100 68 103
65 86 68 88
66 77 68 80
67 50 68 55
57 49 68 49
66 41 68 44
67 33 68 38
57 31 68 31
66 8 68 11
65 240 67 243
62 238 67 239
65 234 67 237
62 224 67 225
67 210 67 221
56 188 67 188
66 181 67 186
56 179 67 179
56 178 67 178
66 170 67 175
64 165 67 167
56 154 67 154
66 139 67 144
65 113 67 116
65 90 67 93
56 89 67 89
65 82 67 85
56 74 67 74
64 68 67 70
64 65 67 67
66 25 67 30
65 21 67 24
62 18 67 19
56 4 67 4
64 229 66 232
66 210 66 221
55 204 66 204
63 197 66 199
55 196 66 196
55 163 66 163
55 162 66 162
55 157 66 157
55 152 66 152
61 148 66 149
65 133 66 138
64 125 66 128
55 117 66 117
65 104 66 109
63 62 66 64
61 57 66 58
65 50 66 55
61 47 66 48
65 33 66 38
61 12 66 13
55 2 66 2
62 247 65 249
62 220 65 222
65 208 65 219
60 206 65 207
60 201 65 202
54 192 65 192
60 189 65 190
64 181 65 186
64 170 65 175
64 139 65 144
62 101 65 103
54 100 65 100
64 75 65 80
54 72 65 72
54 46 65 46
63 41 65 44
54 40 65 40
63 27 65 30
60 25 65 26
54 20 65 20
60 15 65 16
63 8 65 11
53 246 64 246
62 240 64 243
59 236 64 237
61 233 64 235
63 214 64 219
63 208 64 213
53 205 64 205
63 133 64 138
59 129 64 130
62 113 64 116
63 105 64 110
53 104 64 104
59 96 64 97
62 90 64 93
63 83 64 88
59 81 64 82
61 59 64 61
63 50 64 55
63 33 64 38
62 21 64 24
53 14 64 14
59 6 64 7
53 3 64 3
61 229 63 232
52 223 63 223
58 193 63 194
62 181 63 186
62 170 63 175
52 165 63 165
60 158 63 160
52 155 63 155
52 153 63 153
62 139 63 144
62 123 63 128
52 120 63 120
52 98 63 98
62 75 63 80
62 65 63 70
52 0 63 0
51 244 62 244
59 226 62 228
62 208 62 219
57 197 62 198
60 166 62 169
57 150 62 151
57 145 62 146
61 133 62 138
57 131 62 132
51 119 62 119
61 106 62 111
51 105 62 105
61 83 62 88
59 62 62 64
61 50 62 55
60 41 62 44
61 33 62 38
60 27 62 30
60 8 62 11
51 5 62 5
51 1 62 1
58 247 61 249
60 238 61 243
56 224 61 225
61 211 61 222
58 208 61 210
60 181 61 186
60 170 61 175
60 139 61 144
60 123 61 128
50 116 61 116
59 112 61 115
58 101 61 103
50 99 61 99
59 90 61 93
60 75 61 80
60 66 61 71
50 65 61 65
50 56 61 56
59 21 61 24
50 19 61 19
59 230 60 235
49 229 60 229
60 211 60 222
49 176 60 176
57 147 60 149
59 133 60 138
49 118 60 118
59 106 60 111
49 94 60 94
58 85 60 88
55 83 60 84
49 73 60 73
58 58 60 61
49 57 60 57
59 50 60 55
55 47 60 48
59 33 60 38
49 32 60 32
55 12 60 13
58 238 59 243
59 211 59 222
54 206 59 207
54 201 59 202
48 199 59 199
54 189 59 190
58 181 59 186
48 180 59 180
58 170 59 175
57 166 59 169
48 164 59 164
57 158 59 161
57 141 59 144
48 140 59 140
48 139 59 139
58 123 59 128
58 75 59 80
58 66 59 71
57 42 59 45
48 41 59 41
48 39 59 39
58 25 59 30
54 15 59 16
57 8 59 11
57 232 58 237
47 231 58 231
47 230 58 230
55 226 58 228
58 211 58 222
47 203 58 203
47 195 58 195
47 187 58 187
47 177 58 177
56 135 58 138
53 133 58 134
53 129 58 130
47 122 58 122
57 110 58 115
56 106 58 109
55 95 58 97
47 93 58 93
53 91 58 92
47 90 58 90
53 81 58 82
47 64 58 64
47 62 58 62
57 50 58 55
57 33 58 38
53 23 58 24
53 21 58 22
53 17 58 18
53 6 58 7
54 247 57 249
56 238 57 243
57 211 57 222
46 208 57 208
52 193 57 194
46 191 57 191
56 181 57 186
56 170 57 175
54 126 57 128
54 123 57 125
54 101 57 103
54 86 57 88
46 85 57 85
56 75 57 80
56 66 57 71
46 63 57 63
55 58 57 61
55 27 57 30
52 25 57 26
55 232 56 237
56 211 56 222
45 200 56 200
45 198 56 198
54 166 56 169
54 158 56 161
55 146 56 151
54 142 56 145
45 141 56 141
45 131 56 131
55 110 56 115
55 50 56 55
54 42 56 45
54 35 56 38
51 33 56 34
45 31 56 31
54 8 56 11
44 245 55 245
53 240 55 243
44 239 55 239
44 238 55 238
50 224 55 225
55 211 55 222
44 188 55 188
54 181 55 186
50 178 55 179
54 170 55 175
44 156 55 156
44 154 55 154
53 135 55 138
44 121 55 121
50 108 55 109
50 106 55 107
44 89 55 89
54 75 55 80
44 74 55 74
54 66 55 71
44 4 55 4
52 233 54 236
43 232 54 232
51 226 54 228
53 217 54 222
53 211 54 216
43 209 54 209
43 204 54 204
49 196 54 197
49 162 54 163
43 157 54 157
53 147 54 152
43 146 54 146
43 117 54 117
53 110 54 115
51 95 54 97
43 84 54 84
43 83 54 83
52 58 54 61
49 54 54 55
53 48 54 53
43 47 54 47
52 27 54 30
49 12 54 13
43 2 54 2
50 247 53 249
48 206 53 207
48 201 53 202
42 192 53 192
42 190 53 190
42 189 53 189
52 181 53 186
52 170 53 175
51 166 53 169
50 159 53 161
42 158 53 158
51 142 53 145
52 123 53 128
42 103 53 103
42 102 53 102
48 100 53 101
48 87 53 88
42 86 53 86
52 75 53 80
51 69 53 72
50 66 53 68
51 43 53 46
42 42 53 42
42 40 53 40
51 35 53 38
42 20 53 20
48 15 53 16
51 8 53 11
41 246 52 246
50 240 52 243
52 211 52 222
41 205 52 205
51 147 52 152
51 133 52 138
47 129 52 130
50 112 52 115
47 110 52 111
41 104 52 104
47 91 52 92
47 81 52 82
51 48 52 53
50 21 52 24
47 17 52 18
41 14 52 14
47 6 52 7
41 3 52 3
49 234 51 237
40 233 51 233
51 212 51 223
46 210 51 211
46 193 51 194
50 181 51 186
50 170 51 175
40 165 51 165
40 155 51 155
40 153 51 153
50 123 51 128
40 120 51 120
40 98 51 98
50 75 51 80
49 58 51 61
50 25 51 30
47 226 50 228
50 212 50 223
48 166 50 169
49 147 50 152
48 142 50 145
49 133 50 138
39 119 50 119
39 105 50 105
47 95 50 97
45 71 50 72
45 69 50 70
48 50 50 53
45 48 50 49
48 43 50 46
48 35 50 38
45 33 50 34
48 8 50 11
45 0 50 1
46 247 49 249
38 244 49 244
47 240 49 243
49 214 49 225
44 212 49 213
48 181 49 186
44 178 49 179
48 170 49 175
46 159 49 161
48 123 49 128
47 113 49 116
38 112 49 112
44 108 49 109
38 107 49 107
38 106 49 106
38 99 49 99
48 75 49 80
47 65 49 68
47 27 49 30
48 21 49 26
38 5 49 5
43 236 48 237
43 234 48 235
37 229 48 229
48 214 48 225
43 196 48 197
37 176 48 176
43 162 48 163
47 147 48 152
47 133 48 138
37 94 48 94
37 73 48 73
47 56 48 61
43 54 48 55
37 32 48 32
43 12 48 13
47 214 47 225
42 206 47 207
36 202 47 202
36 201 47 201
36 199 47 199
46 181 47 186
36 180 47 180
46 170 47 175
45 166 47 169
36 164 47 164
45 142 47 145
42 139 47 140
46 123 47 128
42 100 47 101
42 87 47 88
46 75 47 80
45 50 47 53
45 43 47 46
36 41 47 41
45 36 47 39
36 35 47 35
46 21 47 26
42 15 47 16
45 8 47 11
44 240 46 243
41 230 46 231
46 217 46 228
43 214 46 216
35 203 46 203
35 195 46 195
35 187 46 187
45 147 46 152
45 133 46 138
41 129 46 130
35 122 46 122
44 113 46 116
41 110 46 111
43 95 46 97
44 90 46 93
41 81 46 82
44 65 46 68
35 64 46 64
43 60 46 62
44 56 46 59
44 27 46 30
43 17 46 19
35 7 46 7
35 6 46 6
42 247 45 249
45 217 45 228
40 210 45 211
34 208 45 208
40 193 45 194
34 191 45 191
44 181 45 186
44 170 45 175
42 159 45 161
44 123 45 128
34 85 45 85
44 75 45 80
34 63 45 63
44 21 45 26
44 217 44 228
33 200 44 200
33 198 44 198
33 177 44 177
42 166 44 169
42 149 44 152
39 147 44 148
42 142 44 145
33 141 44 141
43 133 44 138
39 131 44 132
33 118 44 118
42 69 44 72
43 48 44 53
42 43 44 46
42 36 44 39
39 33 44 34
33 31 44 31
42 8 44 11
33 1 44 1
41 240 43 243
38 238 43 239
43 217 43 228
32 213 43 213
42 181 43 186
38 178 43 179
40 173 43 175
40 170 43 172
32 154 43 154
42 123 43 128
32 121 43 121
41 113 43 116
38 108 43 109
41 90 43 93
32 89 43 89
42 75 43 80
32 74 43 74
41 65 43 68
41 56 43 59
42 25 43 30
41 21 43 24
40 234 42 237
31 232 42 232
42 217 42 228
39 214 42 216
31 209 42 209
31 204 42 204
37 196 42 197
31 188 42 188
37 162 42 163
37 156 42 157
31 146 42 146
41 133 42 138
31 117 42 117
39 95 42 97
31 84 42 84
31 83 42 83
39 60 42 62
41 50 42 55
37 48 42 49
31 47 42 47
39 17 42 19
37 12 42 13
31 2 42 2
38 247 41 249
41 217 41 228
36 206 41 207
30 192 41 192
36 189 41 190
40 181 41 186
39 166 41 169
39 158 41 161
39 149 41 152
39 142 41 145
36 139 41 140
39 125 41 128
36 123 41 124
39 100 41 103
38 86 41 88
40 75 41 80
39 69 41 72
39 43 41 46
30 42 41 42
38 37 41 39
30 36 41 36
39 27 41 30
36 25 41 26
30 20 41 20
30 16 41 16
30 15 41 15
39 8 41 11
35 245 40 246
38 240 40 243
35 230 40 231
40 217 40 228
29 212 40 212
29 205 40 205
39 133 40 138
35 129 40 130
37 114 40 116
35 110 40 111
29 104 40 104
38 90 40 93
35 81 40 82
38 65 40 68
37 57 40 59
39 51 40 56
29 50 40 50
38 21 40 24
29 14 40 14
29 3 40 3
37 234 39 237
28 233 39 233
39 217 39 228
34 210 39 211
34 193 39 194
38 181 39 186
38 170 39 175
28 165 39 165
28 120 39 120
28 98 39 98
38 75 39 80
28 0 39 0
38 217 38 228
35 214 38 216
36 166 38 169
33 159 38 160
27 155 38 155
37 148 38 153
27 147 38 147
35 143 38 145
27 142 38 142
37 133 38 138
27 131 38 131
36 125 38 128
36 100 38 103
27 97 38 97
33 95 38 96
36 69 38 72
35 60 38 62
37 51 38 56
35 43 38 45
27 40 38 40
33 33 38 34
36 27 38 30
33 18 38 19
27 17 38 17
33 10 38 11
33 8 38 9
34 247 37 249
36 239 37 244
35 225 37 228
34 222 37 224
35 218 37 221
26 217 37 217
36 181 37 186
32 178 37 179
36 170 37 175
26 161 37 161
26 119 37 119
32 112 37 113
35 106 37 109
35 90 37 93
34 86 37 88
36 75 37 80
35 65 37 68
26 46 37 46
34 37 37 39
35 21 37 24
32 4 37 5
34 235 36 238
25 234 36 234
25 229 36 229
31 196 36 197
25 176 36 176
25 163 36 163
25 162 36 162
33 156 36 158
35 148 36 153
35 133 36 138
33 114 36 116
25 94 36 94
35 54 36 59
33 51 36 53
31 48 36 49
25 32 36 32
31 12 36 13
34 239 35 244
24 207 35 207
24 206 35 206
30 201 35 202
30 189 35 190
33 183 35 186
24 182 35 182
30 180 35 181
34 170 35 175
32 166 35 168
24 164 35 164
30 139 35 140
34 123 35 128
33 100 35 103
24 99 35 99
34 75 35 80
33 70 35 73
24 69 35 69
24 41 35 41
34 25 35 30
29 245 34 246
29 230 34 231
32 225 34 228
32 218 34 221
31 214 34 216
23 203 34 203
23 195 34 195
23 187 34 187
33 148 34 153
29 144 34 145
32 135 34 138
29 133 34 134
23 132 34 132
29 129 34 130
23 122 34 122
32 108 34 111
29 106 34 107
23 105 34 105
32 90 34 93
23 82 34 82
32 65 34 68
23 64 34 64
33 57 34 62
31 54 34 56
31 43 34 45
32 21 34 24
29 6 34 7
30 247 33 249
32 239 33 244
31 235 33 238
30 222 33 224
28 210 33 211
22 208 33 208
22 199 33 199
28 193 33 194
22 191 33 191
32 170 33 175
32 123 33 128
31 85 33 88
32 76 33 81
22 75 33 75
22 63 33 63
30 37 33 39
32 25 33 30
21 200 32 200
21 198 32 198
30 183 32 186
21 177 32 177
30 157 32 160
21 156 32 156
31 148 32 153
21 141 32 141
21 118 32 118
29 114 32 116
30 100 32 103
27 95 32 96
30 70 32 73
31 57 32 62
29 51 32 53
29 33 32 35
21 31 32 31
21 19 32 19
21 18 32 18
29 9 32 11
30 239 31 244
29 225 31 228
29 218 31 221
20 213 31 213
20 179 31 179
20 178 31 178
30 170 31 175
29 166 31 169
20 143 31 143
29 135 31 138
29 125 31 128
20 123 31 123
20 121 31 121
30 108 31 113
29 90 31 93
20 89 31 89
30 76 31 81
20 74 31 74
29 65 31 68
29 27 31 30
30 21 31 26
20 8 31 8
26 4 31 5
28 235 30 238
27 214 30 216
19 209 30 209
25 196 30 197
19 188 30 188
29 149 30 154
19 148 30 148
19 146 30 146
19 117 30 117
29 83 30 88
29 57 30 62
27 54 30 56
27 47 30 49
27 43 30 45
25 12 30 13
25 1 30 2
26 247 29 249
28 239 29 244
18 232 29 232
26 222 29 224
18 204 29 204
24 201 29 202
18 192 29 192
24 189 29 190
27 183 29 186
24 180 29 181
28 170 29 175
27 157 29 160
24 139 29 140
18 124 29 124
28 108 29 113
27 100 29 103
28 76 29 81
27 70 29 73
18 42 29 42
27 36 29 39
28 21 29 26
18 20 29 20
24 15 29 16
23 245 28 246
23 230 28 231
26 225 28 228
26 218 28 221
17 212 28 212
17 205 28 205
26 166 28 169
26 151 28 154
23 149 28 150
23 144 28 145
26 135 28 138
17 133 28 133
27 125 28 130
25 114 28 116
23 106 28 107
17 104 28 104
26 90 28 93
27 83 28 88
26 65 28 68
26 59 28 62
17 58 28 58
26 50 28 53
17 35 28 35
17 34 28 34
17 33 28 33
26 27 28 30
17 14 28 14
25 9 28 11
23 6 28 7
17 3 28 3
25 241 27 244
26 235 27 240
16 233 27 233
22 210 27 211
22 193 27 194
26 170 27 175
16 165 27 165
24 111 27 113
24 108 27 110
16 98 27 98
26 76 27 81
16 57 27 57
26 21 27 26
23 214 26 216
24 183 26 186
23 158 26 160
15 157 26 157
15 155 26 155
25 126 26 131
15 125 26 125
24 100 26 103
21 96 26 97
15 95 26 95
25 83 26 88
24 70 26 73
23 54 26 56
23 47 26 49
23 43 26 45
21 39 26 40
23 36 26 38
15 17 26 17
20 248 25 249
14 247 25 247
24 235 25 240
25 217 25 228
24 170 25 175
23 166 25 169
14 161 25 161
23 151 25 154
23 135 25 138
20 119 25 120
23 90 25 93
24 76 25 81
23 65 25 68
23 59 25 62
23 50 25 53
14 46 25 46
24 25 25 30
23 21 25 24
20 4 25 5
22 241 24 244
13 234 24 234
24 218 24 229
13 217 24 217
19 196 24 197
19 162 24 163
13 134 24 134
23 126 24 131
21 114 24 116
13 94 24 94
23 83 24 88
13 32 24 32
21 11 24 13
19 9 24 10
21 0 24 2
22 235 23 240
23 218 23 229
18 206 23 207
18 201 23 202
18 189 23 190
22 181 23 186
12 180 23 180
21 172 23 175
18 170 23 171
12 164 23 164
12 147 23 147
18 139 23 140
22 108 23 113
20 101 23 103
18 99 23 100
22 76 23 81
21 70 23 73
12 69 23 69
12 41 23 41
22 25 23 30
18 15 23 16
17 245 22 246
22 220 22 231
17 218 22 219
19 214 22 216
11 203 22 203
11 195 22 195
11 187 22 187
20 166 22 169
19 158 22 160
17 153 22 154
17 151 22 152
17 149 22 150
17 144 22 145
11 142 22 142
20 135 22 138
21 127 22 132
11 126 22 126
11 122 22 122
19 105 22 107
20 90 22 93
21 83 22 88
11 82 22 82
20 65 22 68
11 64 22 64
20 59 22 62
21 51 22 56
20 47 22 50
19 43 22 45
19 36 22 38
20 21 22 24
17 6 22 7
20 239 21 244
18 236 21 238
10 235 21 235
21 220 21 231
16 210 21 211
10 208 21 208
10 199 21 199
16 193 21 194
10 191 21 191
20 181 21 186
20 108 21 113
20 76 21 81
10 63 21 63
20 25 21 30
20 220 20 231
9 200 20 200
9 198 20 198
19 172 20 177
9 156 20 156
9 141 20 141
18 129 20 132
15 127 20 128
17 114 20 116
15 96 20 97
18 85 20 88
15 83 20 84
17 71 20 73
9 70 20 70
19 51 20 56
15 39 20 40
9 31 20 31
9 19 20 19
15 12 20 13
9 11 20 11
17 0 20 2
14 248 19 249
18 239 19 244
18 226 19 231
17 221 19 224
8 220 19 220
18 181 19 186
16 167 19 169
8 143 19 143
17 135 19 138
8 123 19 123
17 118 19 121
18 108 19 113
16 101 19 103
17 90 19 93
8 89 19 89
18 76 19 81
14 74 19 75
17 65 19 68
17 59 19 62
17 47 19 50
18 25 19 30
17 21 19 24
8 5 19 5
16 213 18 216
7 209 18 209
13 196 18 197
7 188 18 188
17 174 18 179
7 172 18 172
7 166 18 166
13 162 18 163
15 158 18 160
7 148 18 148
7 146 18 146
15 105 18 107
17 51 18 56
15 43 18 45
7 38 18 38
7 36 18 36
7 18 18 18
15 8 18 10
16 239 17 244
14 236 17 238
12 231 17 232
15 227 17 230
12 225 17 226
12 206 17 207
6 204 17 204
12 201 17 202
6 192 17 192
12 189 17 190
16 181 17 186
6 173 17 173
12 170 17 171
12 139 17 140
15 129 17 132
6 117 17 117
6 113 17 113
15 109 17 112
6 108 17 108
12 99 17 100
15 85 17 88
16 76 17 81
6 42 17 42
16 25 17 30
6 20 17 20
12 15 17 16
11 245 16 246
14 221 16 224
11 218 16 219
5 212 16 212
5 205 16 205
14 176 16 179
11 174 16 175
15 149 16 154
11 144 16 145
13 136 16 138
5 135 16 135
14 118 16 121
13 114 16 116
5 104 16 104
14 90 16 93
13 71 16 73
14 65 16 68
14 59 16 62
5 58 16 58
15 51 16 56
14 47 16 50
13 33 16 35
14 21 16 24
5 14 16 14
11 6 16 7
14 1 16 4
5 0 16 0
14 239 15 244
4 233 15 233
12 214 15 216
4 213 15 213
10 210 15 211
4 194 15 194
4 193 15 193
14 181 15 186
12 167 15 169
4 165 15 165
4 124 15 124
12 101 15 103
4 98 15 98
14 76 15 81
4 57 15 57
14 25 15 30
12 227 14 230
3 160 14 160
9 157 14 158
13 150 14 155
3 149 14 149
13 128 14 133
3 127 14 127
3 125 14 125
12 109 14 112
11 105 14 107
11 95 14 97
13 83 14 88
13 51 14 56
11 43 14 45
9 39 14 40
9 12 14 13
11 8 14 10
10 247 13 249
12 239 13 244
10 236 13 238
11 221 13 224
12 181 13 186
11 176 13 179
2 161 13 161
8 120 13 121
8 118 13 119
11 90 13 93
12 76 13 81
8 74 13 75
11 65 13 68
10 60 13 62
2 59 13 59
11 47 13 50
2 46 13 46
2 37 13 37
12 25 13 30
10 22 13 24
2 21 13 21
11 1 13 4
1 234 12 234
1 217 12 217
7 196 12 197
7 162 12 163
1 159 12 159
11 150 12 155
9 136 12 138
11 129 12 134
1 128 12 128
9 114 12 116
1 94 12 94
11 83 12 88
9 71 12 73
11 51 12 56
10 32 12 35
10 239 11 244
10 227 11 232
6 225 11 226
8 214 11 216
6 206 11 207
6 201 11 202
6 189 11 190
10 181 11 186
9 168 11 171
0 167 11 167
0 164 11 164
0 140 11 140
0 139 11 139
9 109 11 112
0 103 11 103
8 100 11 102
0 99 11 99
10 76 11 81
0 69 11 69
0 41 11 41
10 25 11 30
8 15 11 17
5 245 10 246
8 221 10 224
5 218 10 219
0 203 10 203
0 195 10 195
0 187 10 187
9 175 10 180
0 174 10 174
9 150 10 155
0 145 10 145
0 144 10 144
0 142 10 142
9 129 10 134
0 126 10 126
0 122 10 122
7 105 10 107
7 95 10 97
8 90 10 93
9 83 10 88
0 82 10 82
8 65 10 68
0 64 10 64
9 51 10 56
8 47 10 50
7 43 10 45
8 7 10 10
0 6 10 6
5 3 10 4
5 1 10 2
4 248 9 249
0 247 9 247
6 242 9 244
8 236 9 241
0 235 9 235
6 230 9 232
6 227 9 229
4 210 9 211
0 208 9 208
0 199 9 199
8 181 9 186
8 76 9 81
6 61 9 63
0 60 9 60
7 32 9 35
8 25 9 30
6 22 9 24
0 191 9 191
7 175 8 180
6 168 8 171
7 153 8 158
5 150 8 152
0 141 8 141
5 136 8 138
7 129 8 134
5 114 8 116
6 109 8 112
7 83 8 88
5 71 8 73
7 51 8 56
3 39 8 40
0 31 8 31
0 19 8 19
3 12 8 13
6 236 7 241
5 221 7 224
0 220 7 220
2 215 7 216
0 214 7 214
6 181 7 186
0 143 7 143
0 123 7 123
5 118 7 121
4 100 7 102
5 90 7 93
6 76 7 81
2 74 7 75
5 65 7 68
4 47 7 49
6 25 7 30
4 15 7 17
5 8 7 11
3 196 6 198
5 175 6 180
1 162 6 163
5 153 6 158
3 146 6 148
4 131 6 134
1 129 6 130
1 106 6 107
3 95 6 97
5 84 6 89
5 51 6 56
3 43 6 45
4 33 6 36
4 239 5 244
0 237 5 238
4 227 5 232
0 206 5 207
2 200 5 202
0 189 5 190
4 181 5 186
4 168 5 173
4 108 5 113
4 76 5 81
2 61 5 63
4 25 5 30
2 22 5 24
0 245 4 246
3 221 4 226
3 175 4 180
3 153 4 158
1 150 4 152
2 135 4 138
3 116 4 121
0 114 4 115
3 88 4 93
2 84 4 87
2 70 4 73
2 65 4 68
3 51 4 56
2 8 4 11
3 0 4 5
2 239 3 244
2 228 3 233
1 210 3 213
2 181 3 186
1 170 3 173
0 168 3 169
0 132 3 134
2 108 3 113
0 100 3 102
2 76 3 81
1 47 3 50
1 33 3 36
2 25 3 30
1 15 3 18
1 222 2 227
1 175 2 180
1 153 2 158
0 146 2 149
1 116 2 121
0 95 2 98
0 90 2 93
1 53 2 58
0 42 2 45
0 38 2 40
0 12 2 14
1 0 2 5
0 239 1 244
0 228 1 233
0 181 1 186
0 108 1 113
0 84 1 89
0 76 1 81
0 70 1 75
0 25 1 30
0 20 1 24
0 7 1 11
0 152 0 163
0 48 0 59